[32minfo[39m: [32mPinged your deployment. You successfully connected to MongoDB![39m
[32minfo[39m: [32mPinged your deployment. You successfully connected to MongoDB![39m
[32minfo[39m: [32mExample app listening on port 4000[39m
[32minfo[39m: [32mPinged your deployment. You successfully connected to MongoDB![39m
[32minfo[39m: [32mExample app listening on port 4000[39m
[32minfo[39m: [32mDatabase is connecting ...[39m
[32minfo[39m: [32mPinged your deployment. You successfully connected to MongoDB![39m
[32minfo[39m: [32mExample app listening on port 4000[39m
[32minfo[39m: [32mDatabase is connecting...[39m
[32minfo[39m: [32mPinged your deployment. You successfully connected to MongoDB![39m
[32minfo[39m: [32mExample app listening on port 4000[39m
[32minfo[39m: [32mDatabase is connecting...[39m
[32minfo[39m: [32mPinged your deployment. You successfully connected to MongoDB![39m
[32minfo[39m: [32mExample app listening on port 4000[39m
[32minfo[39m: [32mDatabase is connecting...[39m
[32minfo[39m: [32mPinged your deployment. You successfully connected to MongoDB![39m
[32minfo[39m: [32mExample app listening on port 4000[39m
[32minfo[39m: [32mDatabase is connecting...[39m
[32minfo[39m: [32mPinged your deployment. You successfully connected to MongoDB![39m
[32minfo[39m: [32mExample app listening on port 4000[39m
[32minfo[39m: [32mDatabase is connecting...[39m
[32minfo[39m: [32mPinged your deployment. You successfully connected to MongoDB![39m
[32minfo[39m: [32mExample app listening on port 4000[39m
[32minfo[39m: [32mDatabase is connecting...[39m
[32minfo[39m: [32mPinged your deployment. You successfully connected to MongoDB![39m
[32minfo[39m: [32mExample app listening on port 4000[39m
[32minfo[39m: [32mDatabase is connecting...[39m
[32minfo[39m: [32mPinged your deployment. You successfully connected to MongoDB![39m
[32minfo[39m: [32mExample app listening on port 4000[39m
[32minfo[39m: [32mDatabase is connecting...[39m
[32minfo[39m: [32mPinged your deployment. You successfully connected to MongoDB![39m
[32minfo[39m: [32mExample app listening on port 4000[39m
[32minfo[39m: [32mDatabase is connecting...[39m
[32minfo[39m: [32mPinged your deployment. You successfully connected to MongoDB![39m
[32minfo[39m: [32mExample app listening on port 4000[39m
[32minfo[39m: [32mDatabase is connecting...[39m
[32minfo[39m: [32mPinged your deployment. You successfully connected to MongoDB![39m
[32minfo[39m: [32mExample app listening on port 4000[39m
[32minfo[39m: [32mDatabase is connecting...[39m
[32minfo[39m: [32mPinged your deployment. You successfully connected to MongoDB![39m
[32minfo[39m: [32mExample app listening on port 4000[39m
[32minfo[39m: [32mDatabase is connecting...[39m
[32minfo[39m: [32mPinged your deployment. You successfully connected to MongoDB![39m
[32minfo[39m: [32mExample app listening on port 4000[39m
[32minfo[39m: [32mDatabase is connecting...[39m
[32minfo[39m: [32mPinged your deployment. You successfully connected to MongoDB![39m
[32minfo[39m: [32mExample app listening on port 4000[39m
[32minfo[39m: [32mDatabase is connecting...[39m
[32minfo[39m: [32mPinged your deployment. You successfully connected to MongoDB![39m
[32minfo[39m: [32mExample app listening on port 4000[39m
[32minfo[39m: [32mDatabase is connecting...[39m
[32minfo[39m: [32mPinged your deployment. You successfully connected to MongoDB![39m
[32minfo[39m: [32mExample app listening on port 4000[39m
[32minfo[39m: [32mDatabase is connecting...[39m
[32minfo[39m: [32mPinged your deployment. You successfully connected to MongoDB![39m
[32minfo[39m: [32mExample app listening on port 4000[39m
[32minfo[39m: [32mDatabase is connecting...[39m
[32minfo[39m: [32mPinged your deployment. You successfully connected to MongoDB![39m
[32minfo[39m: [32mExample app listening on port 4000[39m
[32minfo[39m: [32mDatabase is connecting...[39m
[32minfo[39m: [32mPinged your deployment. You successfully connected to MongoDB![39m
[32minfo[39m: [32mExample app listening on port 4000[39m
[32minfo[39m: [32mDatabase is connecting...[39m
[32minfo[39m: [32mPinged your deployment. You successfully connected to MongoDB![39m
[32minfo[39m: [32mExample app listening on port 4000[39m
[32minfo[39m: [32mDatabase is connecting...[39m
[32minfo[39m: [32mPinged your deployment. You successfully connected to MongoDB![39m
[32minfo[39m: [32mExample app listening on port 4000[39m
[32minfo[39m: [32mDatabase is connecting...[39m
[32minfo[39m: [32mPinged your deployment. You successfully connected to MongoDB![39m
[32minfo[39m: [32mExample app listening on port 4000[39m
[32minfo[39m: [32mDatabase is connecting...[39m
[32minfo[39m: [32mPinged your deployment. You successfully connected to MongoDB![39m
[32minfo[39m: [32mExample app listening on port 4000[39m
[32minfo[39m: [32mDatabase is connecting...[39m
[32minfo[39m: [32mPinged your deployment. You successfully connected to MongoDB![39m
[32minfo[39m: [32mExample app listening on port 4000[39m
[32minfo[39m: [32mDatabase is connecting...[39m
[32minfo[39m: [32mPinged your deployment. You successfully connected to MongoDB![39m
[32minfo[39m: [32mExample app listening on port 4000[39m
[32minfo[39m: [32mDatabase is connecting...[39m
[32minfo[39m: [32mPinged your deployment. You successfully connected to MongoDB![39m
[32minfo[39m: [32mExample app listening on port 4000[39m
[32minfo[39m: [32mDatabase is connecting...[39m
[32minfo[39m: [32mPinged your deployment. You successfully connected to MongoDB![39m
[31merror[39m: [31m[ERROR] - Status: 422 - Message: Validation error[39m
[32minfo[39m: [32mExample app listening on port 4000[39m
[32minfo[39m: [32mDatabase is connecting...[39m
[32minfo[39m: [32mPinged your deployment. You successfully connected to MongoDB![39m
[31merror[39m: [31m[ERROR] - Status: 422 - Message: Validation error[39m
[32minfo[39m: [32mExample app listening on port 4000[39m
[32minfo[39m: [32mDatabase is connecting...[39m
[32minfo[39m: [32mPinged your deployment. You successfully connected to MongoDB![39m
[31merror[39m: [31m[ERROR] - Status: 422 - Message: Validation error[39m
[32minfo[39m: [32mExample app listening on port 4000[39m
[32minfo[39m: [32mDatabase is connecting...[39m
[32minfo[39m: [32mPinged your deployment. You successfully connected to MongoDB![39m
[31merror[39m: [31m[ERROR] - Status: 422 - Message: Validation error[39m
[31merror[39m: [31m[ERROR] - Status: 422 - Message: Validation error[39m
[31merror[39m: [31m[ERROR] - Status: 422 - Message: Validation error[39m
[32minfo[39m: [32mExample app listening on port 4000[39m
[32minfo[39m: [32mDatabase is connecting...[39m
[32minfo[39m: [32mPinged your deployment. You successfully connected to MongoDB![39m
[31merror[39m: [31m[ERROR] - Status: 422 - Message: Validation error[39m
[31merror[39m: [31m[ERROR] - Status: 422 - Message: Validation error[39m
[31merror[39m: [31m[ERROR] - Status: 422 - Message: Validation error[39m
[32minfo[39m: [32mExample app listening on port 4000[39m
[32minfo[39m: [32mDatabase is connecting...[39m
[32minfo[39m: [32mPinged your deployment. You successfully connected to MongoDB![39m
[31merror[39m: [31m[ERROR] - Status: 422 - Message: Validation error[39m
[31merror[39m: [31m[ERROR] - Status: 422 - Message: Validation error[39m
[32minfo[39m: [32mExample app listening on port 4000[39m
[32minfo[39m: [32mDatabase is connecting...[39m
[32minfo[39m: [32mPinged your deployment. You successfully connected to MongoDB![39m
[32minfo[39m: [32mExample app listening on port 4000[39m
[32minfo[39m: [32mDatabase is connecting...[39m
[32minfo[39m: [32mPinged your deployment. You successfully connected to MongoDB![39m
[32minfo[39m: [32mExample app listening on port 4000[39m
[32minfo[39m: [32mDatabase is connecting...[39m
[32minfo[39m: [32mPinged your deployment. You successfully connected to MongoDB![39m
[31merror[39m: [31m[ERROR] - Status: 422 - Message: Validation error[39m
[32minfo[39m: [32mExample app listening on port 4000[39m
[32minfo[39m: [32mDatabase is connecting...[39m
[32minfo[39m: [32mPinged your deployment. You successfully connected to MongoDB![39m
[32minfo[39m: [32mExample app listening on port 4000[39m
[32minfo[39m: [32mDatabase is connecting...[39m
[32minfo[39m: [32mPinged your deployment. You successfully connected to MongoDB![39m
[31merror[39m: [31m[ERROR] - Status: 400 - Message: test ty thoi[39m
[32minfo[39m: [32mExample app listening on port 4000[39m
[32minfo[39m: [32mDatabase is connecting...[39m
[32minfo[39m: [32mPinged your deployment. You successfully connected to MongoDB![39m
